<mule xmlns="http://www.mulesoft.org/schema/mule/core"
      xmlns:xsi="http://www.w3.org/2001/XMLSchema-instance"
      xmlns:json-logger="http://www.mulesoft.org/schema/mule/json-logger"
      xsi:schemaLocation="http://www.mulesoft.org/schema/mule/core http://www.mulesoft.org/schema/mule/core/current/mule.xsd
          http://www.mulesoft.org/schema/mule/json-logger http://www.mulesoft.org/schema/mule/json-logger/current/mule-json-logger.xsd">

    <json-logger:config name="config" configId="configId">
        <json-logger:connection requiredParameter="aValue" />
    </json-logger:config>

    <flow name="sayHiFlow">
        <json-logger:say-hi person="Mariano Gonzalez"/>
    </flow>

    <flow name="retrieveInfoFlow">
        <json-logger:retrieve-info config-ref="config"/>
    </flow>

</mule>
